Build started 5/9/2013 11:31:15 AM.
     1>Project "C:\Users\Arno\Documents\Projects\SPH2S_FINAL\SPH2S_FINAL_SINGLE_SCALE\SPH2S_FINAL_SINGLE_SCALE.vcxproj" on node 2 (build target(s)).
     1>InitializeBuildStatus:
         Creating "Release\SPH2S_FINAL_SINGLE_SCALE.unsuccessfulbuild" because "AlwaysCreate" was specified.
       AddCudaCompileDeps:
       Skipping target "AddCudaCompileDeps" because all output files are up-to-date with respect to the input files.
       AddCudaCompilePropsDeps:
       Skipping target "AddCudaCompilePropsDeps" because all output files are up-to-date with respect to the input files.
       CudaBuild:
       Skipping target "CudaBuild" because all output files are up-to-date with respect to the input files.
       ClCompile:
         All outputs are up-to-date.
       ManifestResourceCompile:
         All outputs are up-to-date.
       Link:
         All outputs are up-to-date.
       Manifest:
         All outputs are up-to-date.
       PostBuildEvent:
         echo copy "C:\Program Files\NVIDIA GPU Computing Toolkit\CUDA\v5.0\bin\cudart*.dll" "C:\Users\Arno\Documents\Projects\SPH2S_FINAL\Release\"
         copy "C:\Program Files\NVIDIA GPU Computing Toolkit\CUDA\v5.0\bin\cudart*.dll" "C:\Users\Arno\Documents\Projects\SPH2S_FINAL\Release\"
         :VCEnd
         copy "C:\Program Files\NVIDIA GPU Computing Toolkit\CUDA\v5.0\bin\cudart*.dll" "C:\Users\Arno\Documents\Projects\SPH2S_FINAL\Release\"
         C:\Program Files\NVIDIA GPU Computing Toolkit\CUDA\v5.0\bin\cudart32_50_35.dll
         C:\Program Files\NVIDIA GPU Computing Toolkit\CUDA\v5.0\bin\cudart64_50_35.dll
                 2 file(s) copied.
       FinalizeBuildStatus:
         Deleting file "Release\SPH2S_FINAL_SINGLE_SCALE.unsuccessfulbuild".
         Touching "Release\SPH2S_FINAL_SINGLE_SCALE.lastbuildstate".
     1>Done Building Project "C:\Users\Arno\Documents\Projects\SPH2S_FINAL\SPH2S_FINAL_SINGLE_SCALE\SPH2S_FINAL_SINGLE_SCALE.vcxproj" (build target(s)).

Build succeeded.

Time Elapsed 00:00:00.12
