Build started 5/7/2013 10:24:55 PM.
     1>Project "C:\Users\Arno\Documents\Projects\SPH2S_FINAL\SPH2S_FINAL\SPH2S_FINAL.vcxproj" on node 2 (build target(s)).
     1>InitializeBuildStatus:
         Touching "Release\SPH2S_FINAL.unsuccessfulbuild".
       AddCudaCompileDeps:
         C:\Program Files (x86)\Microsoft Visual Studio 10.0\VC\bin\cl.exe /E /nologo /showIncludes /TP /D__CUDACC__ /D_MBCS /I"C:\Program Files\NVIDIA GPU Computing Toolkit\CUDA\v5.0\include" /I"C:\Program Files\NVIDIA GPU Computing Toolkit\CUDA\v5.0\bin" /I"C:\Program Files\NVIDIA GPU Computing Toolkit\CUDA\v5.0\include" /I. /FIcuda_runtime.h /c C:\Users\Arno\Documents\Projects\SPH2S_FINAL\SPH2S_FINAL\Solver.cu 
       AddCudaCompilePropsDeps:
       Skipping target "AddCudaCompilePropsDeps" because all output files are up-to-date with respect to the input files.
       CudaBuild:
         Compiling CUDA source file Solver.cu...
         cmd.exe /C "C:\Users\Arno\AppData\Local\Temp\7dc0277176964ff5a9b18d1f56176c58.cmd"
         "C:\Program Files\NVIDIA GPU Computing Toolkit\CUDA\v5.0\bin\nvcc.exe" -gencode=arch=compute_30,code=\"sm_30,compute_30\" --use-local-env --cl-version 2010 -ccbin "C:\Program Files (x86)\Microsoft Visual Studio 10.0\VC\bin" -rdc=true -I"C:\Program Files\NVIDIA GPU Computing Toolkit\CUDA\v5.0\include" -I"C:\Program Files\NVIDIA GPU Computing Toolkit\CUDA\v5.0\include"     --keep-dir "Release" -maxrregcount=0  --machine 32 --compile     -D_MBCS -Xcompiler "/EHsc /W3 /nologo /O2 /Zi  /MD  " -o "Release\Solver.cu.obj" "C:\Users\Arno\Documents\Projects\SPH2S_FINAL\SPH2S_FINAL\Solver.cu"
         
         C:\Users\Arno\Documents\Projects\SPH2S_FINAL\SPH2S_FINAL>"C:\Program Files\NVIDIA GPU Computing Toolkit\CUDA\v5.0\bin\nvcc.exe" -gencode=arch=compute_30,code=\"sm_30,compute_30\" --use-local-env --cl-version 2010 -ccbin "C:\Program Files (x86)\Microsoft Visual Studio 10.0\VC\bin" -rdc=true -I"C:\Program Files\NVIDIA GPU Computing Toolkit\CUDA\v5.0\include" -I"C:\Program Files\NVIDIA GPU Computing Toolkit\CUDA\v5.0\include"     --keep-dir "Release" -maxrregcount=0  --machine 32 --compile     -D_MBCS -Xcompiler "/EHsc /W3 /nologo /O2 /Zi  /MD  " -o "Release\Solver.cu.obj" "C:\Users\Arno\Documents\Projects\SPH2S_FINAL\SPH2S_FINAL\Solver.cu" 
         Solver.cu
         tmpxft_00002348_00000000-2_Solver.cudafe1.gpu
         tmpxft_00002348_00000000-7_Solver.cudafe2.gpu
         Solver.cu
         tmpxft_00002348_00000000-2_Solver.cudafe1.cpp
         tmpxft_00002348_00000000-12_Solver.ii
     1>c:\users\arno\documents\projects\sph2s_final\sph2s_final\Solver.h(30): warning C4244: 'argument' : conversion from 'double' to 'float', possible loss of data
       ClCompile:
         All outputs are up-to-date.
       ManifestResourceCompile:
         All outputs are up-to-date.
       CudaLink:
         cmd.exe /C "C:\Users\Arno\AppData\Local\Temp\9c31f21083a84f2bb179fd8dc55ce672.cmd"
         "C:\Program Files\NVIDIA GPU Computing Toolkit\CUDA\v5.0\bin\nvcc.exe" -dlink -o "Release\SPH2S_FINAL.device-link.obj" -Xcompiler "/EHsc /W3 /nologo /O2 /Zi  /MD  " -L"C:\Program Files\NVIDIA GPU Computing Toolkit\CUDA\v5.0\lib\Win32" "glew32.lib" "cudart.lib" "kernel32.lib" "user32.lib" "gdi32.lib" "winspool.lib" "comdlg32.lib" "advapi32.lib" "shell32.lib" "ole32.lib" "oleaut32.lib" "uuid.lib" "odbc32.lib" "odbccp32.lib" "kernel32.lib" "user32.lib" "gdi32.lib" "winspool.lib" "comdlg32.lib" "advapi32.lib" "shell32.lib" "ole32.lib" "oleaut32.lib" "uuid.lib" "odbc32.lib" "odbccp32.lib"  -gencode=arch=compute_30,code=sm_30  --machine 32 Release\Solver.cu.obj
         
         C:\Users\Arno\Documents\Projects\SPH2S_FINAL\SPH2S_FINAL>"C:\Program Files\NVIDIA GPU Computing Toolkit\CUDA\v5.0\bin\nvcc.exe" -dlink -o "Release\SPH2S_FINAL.device-link.obj" -Xcompiler "/EHsc /W3 /nologo /O2 /Zi  /MD  " -L"C:\Program Files\NVIDIA GPU Computing Toolkit\CUDA\v5.0\lib\Win32" "glew32.lib" "cudart.lib" "kernel32.lib" "user32.lib" "gdi32.lib" "winspool.lib" "comdlg32.lib" "advapi32.lib" "shell32.lib" "ole32.lib" "oleaut32.lib" "uuid.lib" "odbc32.lib" "odbccp32.lib" "kernel32.lib" "user32.lib" "gdi32.lib" "winspool.lib" "comdlg32.lib" "advapi32.lib" "shell32.lib" "ole32.lib" "oleaut32.lib" "uuid.lib" "odbc32.lib" "odbccp32.lib"  -gencode=arch=compute_30,code=sm_30  --machine 32 Release\Solver.cu.obj 
         link.stub
       Link:
         C:\Program Files (x86)\Microsoft Visual Studio 10.0\VC\bin\link.exe /ERRORREPORT:PROMPT /OUT:"C:\Users\Arno\Documents\Projects\SPH2S_FINAL\Release\SPH2S_FINAL.exe" /INCREMENTAL /NOLOGO /LIBPATH:"C:\Program Files\NVIDIA GPU Computing Toolkit\CUDA\v5.0\lib\Win32" glew32.lib cudart.lib kernel32.lib user32.lib gdi32.lib winspool.lib comdlg32.lib advapi32.lib shell32.lib ole32.lib oleaut32.lib uuid.lib odbc32.lib odbccp32.lib kernel32.lib user32.lib gdi32.lib winspool.lib comdlg32.lib advapi32.lib shell32.lib ole32.lib oleaut32.lib uuid.lib odbc32.lib odbccp32.lib /MANIFEST /ManifestFile:"Release\SPH2S_FINAL.exe.intermediate.manifest" /MANIFESTUAC:"level='asInvoker' uiAccess='false'" /DEBUG /PDB:"C:\Users\Arno\Documents\Projects\SPH2S_FINAL\Release\SPH2S_FINAL.pdb" /SUBSYSTEM:CONSOLE /OPT:REF /OPT:ICF /LTCG /TLBID:1 /DYNAMICBASE /NXCOMPAT /IMPLIB:"C:\Users\Arno\Documents\Projects\SPH2S_FINAL\Release\SPH2S_FINAL.lib" /MACHINE:X86 Release\Solver.cu.obj
         Release\SPH2S_FINAL.exe.embed.manifest.res
         Release\BoxRenderer.obj
         Release\cuda.obj
         Release\main.obj
         Release\Camera.obj
         Release\OpenGL.obj
         Release\Vector3f.obj
         Release\ParticleData.obj
         Release\Renderer.obj
         "Release\SPH2S_FINAL.device-link.obj"
     1>LINK : warning LNK4075: ignoring '/INCREMENTAL' due to '/LTCG' specification
         Generating code
         Finished generating code
       Manifest:
         C:\Program Files (x86)\Microsoft SDKs\Windows\v7.0A\bin\mt.exe /nologo /verbose /out:"Release\SPH2S_FINAL.exe.embed.manifest" /manifest Release\SPH2S_FINAL.exe.intermediate.manifest
         All outputs are up-to-date.
       LinkEmbedManifest:
         All outputs are up-to-date.
         SPH2S_FINAL.vcxproj -> C:\Users\Arno\Documents\Projects\SPH2S_FINAL\Release\SPH2S_FINAL.exe
       PostBuildEvent:
         echo copy "C:\Program Files\NVIDIA GPU Computing Toolkit\CUDA\v5.0\bin\cudart*.dll" "C:\Users\Arno\Documents\Projects\SPH2S_FINAL\Release\"
         copy "C:\Program Files\NVIDIA GPU Computing Toolkit\CUDA\v5.0\bin\cudart*.dll" "C:\Users\Arno\Documents\Projects\SPH2S_FINAL\Release\"
         :VCEnd
         copy "C:\Program Files\NVIDIA GPU Computing Toolkit\CUDA\v5.0\bin\cudart*.dll" "C:\Users\Arno\Documents\Projects\SPH2S_FINAL\Release\"
         C:\Program Files\NVIDIA GPU Computing Toolkit\CUDA\v5.0\bin\cudart32_50_35.dll
         C:\Program Files\NVIDIA GPU Computing Toolkit\CUDA\v5.0\bin\cudart64_50_35.dll
                 2 file(s) copied.
       FinalizeBuildStatus:
         Deleting file "Release\SPH2S_FINAL.unsuccessfulbuild".
         Touching "Release\SPH2S_FINAL.lastbuildstate".
     1>Done Building Project "C:\Users\Arno\Documents\Projects\SPH2S_FINAL\SPH2S_FINAL\SPH2S_FINAL.vcxproj" (build target(s)).

Build succeeded.

Time Elapsed 00:00:19.76
