C:\USERS\ARNO\DOCUMENTS\PROJECTS\SPH2S_FINAL\RELEASE\SPH2S_FINAL_TWO_SCALE.EXE
C:\USERS\ARNO\DOCUMENTS\PROJECTS\SPH2S_FINAL\RELEASE\SPH2S_FINAL_TWO_SCALE.PDB
C:\USERS\ARNO\DOCUMENTS\PROJECTS\SPH2S_FINAL\SPH2S_FINAL_TWO_SCALE\RELEASE\BOXRENDERER.OBJ
C:\USERS\ARNO\DOCUMENTS\PROJECTS\SPH2S_FINAL\SPH2S_FINAL_TWO_SCALE\RELEASE\CAMERA.OBJ
C:\Users\Arno\Documents\Projects\SPH2S_FINAL\SPH2S_FINAL_TWO_SCALE\Release\cl.command.1.tlog
C:\Users\Arno\Documents\Projects\SPH2S_FINAL\SPH2S_FINAL_TWO_SCALE\Release\CL.read.1.tlog
C:\Users\Arno\Documents\Projects\SPH2S_FINAL\SPH2S_FINAL_TWO_SCALE\Release\CL.write.1.tlog
C:\USERS\ARNO\DOCUMENTS\PROJECTS\SPH2S_FINAL\SPH2S_FINAL_TWO_SCALE\RELEASE\CUDA.OBJ
C:\Users\Arno\Documents\Projects\SPH2S_FINAL\SPH2S_FINAL_TWO_SCALE\Release\link.command.1.tlog
C:\Users\Arno\Documents\Projects\SPH2S_FINAL\SPH2S_FINAL_TWO_SCALE\Release\link.read.1.tlog
C:\Users\Arno\Documents\Projects\SPH2S_FINAL\SPH2S_FINAL_TWO_SCALE\Release\link.write.1.tlog
C:\Users\Arno\Documents\Projects\SPH2S_FINAL\SPH2S_FINAL_TWO_SCALE\Release\link-cvtres.read.1.tlog
C:\Users\Arno\Documents\Projects\SPH2S_FINAL\SPH2S_FINAL_TWO_SCALE\Release\link-cvtres.write.1.tlog
C:\USERS\ARNO\DOCUMENTS\PROJECTS\SPH2S_FINAL\SPH2S_FINAL_TWO_SCALE\RELEASE\MAIN.OBJ
C:\Users\Arno\Documents\Projects\SPH2S_FINAL\SPH2S_FINAL_TWO_SCALE\Release\mt.command.1.tlog
C:\Users\Arno\Documents\Projects\SPH2S_FINAL\SPH2S_FINAL_TWO_SCALE\Release\mt.read.1.tlog
C:\Users\Arno\Documents\Projects\SPH2S_FINAL\SPH2S_FINAL_TWO_SCALE\Release\mt.write.1.tlog
C:\USERS\ARNO\DOCUMENTS\PROJECTS\SPH2S_FINAL\SPH2S_FINAL_TWO_SCALE\RELEASE\OPENGL.OBJ
C:\USERS\ARNO\DOCUMENTS\PROJECTS\SPH2S_FINAL\SPH2S_FINAL_TWO_SCALE\RELEASE\PARTICLEDATA.OBJ
C:\Users\Arno\Documents\Projects\SPH2S_FINAL\SPH2S_FINAL_TWO_SCALE\Release\rc.command.1.tlog
C:\Users\Arno\Documents\Projects\SPH2S_FINAL\SPH2S_FINAL_TWO_SCALE\Release\rc.read.1.tlog
C:\Users\Arno\Documents\Projects\SPH2S_FINAL\SPH2S_FINAL_TWO_SCALE\Release\rc.write.1.tlog
C:\USERS\ARNO\DOCUMENTS\PROJECTS\SPH2S_FINAL\SPH2S_FINAL_TWO_SCALE\RELEASE\RENDERER.OBJ
C:\Users\Arno\Documents\Projects\SPH2S_FINAL\SPH2S_FINAL_TWO_SCALE\Release\Solver.cu.cache
C:\Users\Arno\Documents\Projects\SPH2S_FINAL\SPH2S_FINAL_TWO_SCALE\Release\Solver.cu.obj
C:\USERS\ARNO\DOCUMENTS\PROJECTS\SPH2S_FINAL\SPH2S_FINAL_TWO_SCALE\RELEASE\SPH2S_FINAL_TWO_SCALE.EXE.EMBED.MANIFEST
C:\USERS\ARNO\DOCUMENTS\PROJECTS\SPH2S_FINAL\SPH2S_FINAL_TWO_SCALE\RELEASE\SPH2S_FINAL_TWO_SCALE.EXE.EMBED.MANIFEST.RES
C:\USERS\ARNO\DOCUMENTS\PROJECTS\SPH2S_FINAL\SPH2S_FINAL_TWO_SCALE\RELEASE\SPH2S_FINAL_TWO_SCALE.EXE.INTERMEDIATE.MANIFEST
C:\Users\Arno\Documents\Projects\SPH2S_FINAL\SPH2S_FINAL_TWO_SCALE\Release\SPH2S_FINAL_TWO_SCALE_manifest.rc
C:\USERS\ARNO\DOCUMENTS\PROJECTS\SPH2S_FINAL\SPH2S_FINAL_TWO_SCALE\RELEASE\VC100.PDB
C:\USERS\ARNO\DOCUMENTS\PROJECTS\SPH2S_FINAL\SPH2S_FINAL_TWO_SCALE\RELEASE\VECTOR3F.OBJ
