Build started 5/6/2013 5:09:55 PM.
     1>Project "C:\Users\Arno\Documents\Projects\SPH2S_FINAL\SPH2S_FINAL\SPH2S_FINAL.vcxproj" on node 2 (build target(s)).
     1>InitializeBuildStatus:
         Touching "Debug\SPH2S_FINAL.unsuccessfulbuild".
       AddCudaCompileDeps:
         C:\Program Files (x86)\Microsoft Visual Studio 10.0\VC\bin\cl.exe /E /nologo /showIncludes /TP /D__CUDACC__ /D_MBCS /I"C:\Program Files\NVIDIA GPU Computing Toolkit\CUDA\v5.0\include" /I"C:\Program Files\NVIDIA GPU Computing Toolkit\CUDA\v5.0\bin" /I"C:\Program Files\NVIDIA GPU Computing Toolkit\CUDA\v5.0\include" /I. /FIcuda_runtime.h /c C:\Users\Arno\Documents\Projects\SPH2S_FINAL\SPH2S_FINAL\Solver.cu 
       AddCudaCompilePropsDeps:
         Found "CudaToolkitCustomDir".
         Found "AdditionalDeps".
         Found "CompileOut".
         Found "Include".
         Found "UseHostInclude".
         Found "Keep".
         Found "KeepDir".
         Found "GenerateRelocatableDeviceCode".
         Found "NvccCompilation".
         Found "NvccPath".
         Found "RequiredIncludes".
         Found "TargetMachinePlatform".
         Found "CInterleavedPTX".
         Found "CodeGeneration".
         Found "GPUDebugInfo".
         Found "GenerateLineInfo".
         Found "MaxRegCount".
         Found "PtxAsOptionV".
         Found "AdditionalCompilerOptions".
         Found "Defines".
         Found "UseHostDefines".
         Found "Emulation".
         Found "HostDebugInfo".
         Found "FastMath".
         Found "Optimization".
         Found "Runtime".
         Found "RuntimeChecks".
         Found "TypeInfo".
         Found "Warning".
         Found "AdditionalOptions".
         Found "CommandLineTemplate".
         Found "PerformDeviceLink".
         Found "LinkOut".
         Found "AdditionalLibraryDirectories".
         Found "UseHostLibraryDirectories".
         Found "AdditionalDependencies".
         Found "UseHostLibraryDependencies".
         Found "GPUDebugInfo".
         Found "Optimization".
         Found "CodeGeneration".
         Found "TargetMachinePlatform".
         Found "Warning".
         Found "RuntimeChecks".
         Found "Runtime".
         Found "TypeInfo".
         Found "AdditionalCompilerOptions".
         Found "Inputs".
         Found "AdditionalOptions".
         Found "CommandLineTemplate".
       CudaBuild:
         Compiling CUDA source file Solver.cu...
         cmd.exe /C "C:\Users\Arno\AppData\Local\Temp\169b7e8d96ea44d3b07cc19bc6a8b0e7.cmd"
         "C:\Program Files\NVIDIA GPU Computing Toolkit\CUDA\v5.0\bin\nvcc.exe" -gencode=arch=compute_10,code=\"sm_10,compute_10\" --use-local-env --cl-version 2010 -ccbin "C:\Program Files (x86)\Microsoft Visual Studio 10.0\VC\bin"  -I"C:\Program Files\NVIDIA GPU Computing Toolkit\CUDA\v5.0\include" -I"C:\Program Files\NVIDIA GPU Computing Toolkit\CUDA\v5.0\include"  -G   --keep-dir "Debug" -maxrregcount=0  --machine 32 --compile  -g   -D_MBCS -Xcompiler "/EHsc /W3 /nologo /Od /Zi /RTC1 /MDd  " -o "Debug\Solver.cu.obj" "C:\Users\Arno\Documents\Projects\SPH2S_FINAL\SPH2S_FINAL\Solver.cu"
         
         C:\Users\Arno\Documents\Projects\SPH2S_FINAL\SPH2S_FINAL>"C:\Program Files\NVIDIA GPU Computing Toolkit\CUDA\v5.0\bin\nvcc.exe" -gencode=arch=compute_10,code=\"sm_10,compute_10\" --use-local-env --cl-version 2010 -ccbin "C:\Program Files (x86)\Microsoft Visual Studio 10.0\VC\bin"  -I"C:\Program Files\NVIDIA GPU Computing Toolkit\CUDA\v5.0\include" -I"C:\Program Files\NVIDIA GPU Computing Toolkit\CUDA\v5.0\include"  -G   --keep-dir "Debug" -maxrregcount=0  --machine 32 --compile  -g   -D_MBCS -Xcompiler "/EHsc /W3 /nologo /Od /Zi /RTC1 /MDd  " -o "Debug\Solver.cu.obj" "C:\Users\Arno\Documents\Projects\SPH2S_FINAL\SPH2S_FINAL\Solver.cu" 
         Solver.cu
         tmpxft_000015ec_00000000-2_Solver.cudafe1.gpu
         tmpxft_000015ec_00000000-7_Solver.cudafe2.gpu
         Solver.cu
     1>C:\Program Files\NVIDIA GPU Computing Toolkit\CUDA\v5.0\include\thrust/detail/swap.inl(27): warning : Cannot tell what pointer points to, assuming global memory space
     1>C:\Program Files\NVIDIA GPU Computing Toolkit\CUDA\v5.0\include\thrust/detail/swap.inl(28): warning : Cannot tell what pointer points to, assuming global memory space
     1>C:\Program Files\NVIDIA GPU Computing Toolkit\CUDA\v5.0\include\thrust/detail/swap.inl(28): warning : Cannot tell what pointer points to, assuming global memory space
     1>C:\Program Files\NVIDIA GPU Computing Toolkit\CUDA\v5.0\include\thrust/detail/swap.inl(29): warning : Cannot tell what pointer points to, assuming global memory space
     1>C:\Program Files\NVIDIA GPU Computing Toolkit\CUDA\v5.0\include\thrust/detail/swap.inl(27): warning : Cannot tell what pointer points to, assuming global memory space
     1>C:\Program Files\NVIDIA GPU Computing Toolkit\CUDA\v5.0\include\thrust/detail/swap.inl(28): warning : Cannot tell what pointer points to, assuming global memory space
     1>C:\Program Files\NVIDIA GPU Computing Toolkit\CUDA\v5.0\include\thrust/detail/swap.inl(28): warning : Cannot tell what pointer points to, assuming global memory space
     1>C:\Program Files\NVIDIA GPU Computing Toolkit\CUDA\v5.0\include\thrust/detail/swap.inl(29): warning : Cannot tell what pointer points to, assuming global memory space
         ptxas C:/Users/Arno/AppData/Local/Temp/tmpxft_000015ec_00000000-4_Solver.ptx, line 940; : warning : Double is not supported. Demoting to float
         tmpxft_000015ec_00000000-2_Solver.cudafe1.cpp
         tmpxft_000015ec_00000000-12_Solver.ii
     1>c:\users\arno\documents\projects\sph2s_final\sph2s_final\Solver.h(29): warning C4244: 'argument' : conversion from 'double' to 'float', possible loss of data
         Deleting file "tmpxft_000015ec_00000000-8_Solver.cpp3.o".
       ClCompile:
         C:\Program Files (x86)\Microsoft Visual Studio 10.0\VC\bin\CL.exe /c /I"C:\Program Files\NVIDIA GPU Computing Toolkit\CUDA\v5.0\include" /ZI /nologo /W3 /WX- /Od /Oy- /D _MBCS /Gm /EHsc /RTC1 /MDd /GS /fp:precise /Zc:wchar_t /Zc:forScope /Fo"Debug\\" /Fd"Debug\vc100.pdb" /Gd /TP /analyze- /errorReport:prompt BoxRenderer.cpp cuda.cpp main.cpp OpenGL\OpenGL.cpp OpenGL\Vector3f.cpp ParticleData.cpp Renderer.cpp
         Renderer.cpp
     1>c:\program files\nvidia gpu computing toolkit\cuda\v5.0\include\thrust\system\detail\error_category.inl(102): warning C4996: 'strerror': This function or variable may be unsafe. Consider using strerror_s instead. To disable deprecation, use _CRT_SECURE_NO_WARNINGS. See online help for details.
                 c:\program files (x86)\microsoft visual studio 10.0\vc\include\string.h(157) : see declaration of 'strerror'
         ParticleData.cpp
     1>c:\program files\nvidia gpu computing toolkit\cuda\v5.0\include\thrust\system\detail\error_category.inl(102): warning C4996: 'strerror': This function or variable may be unsafe. Consider using strerror_s instead. To disable deprecation, use _CRT_SECURE_NO_WARNINGS. See online help for details.
                 c:\program files (x86)\microsoft visual studio 10.0\vc\include\string.h(157) : see declaration of 'strerror'
         Vector3f.cpp
         main.cpp
     1>c:\program files\nvidia gpu computing toolkit\cuda\v5.0\include\thrust\system\detail\error_category.inl(102): warning C4996: 'strerror': This function or variable may be unsafe. Consider using strerror_s instead. To disable deprecation, use _CRT_SECURE_NO_WARNINGS. See online help for details.
                 c:\program files (x86)\microsoft visual studio 10.0\vc\include\string.h(157) : see declaration of 'strerror'
     1>c:\users\arno\documents\projects\sph2s_final\sph2s_final\solver.h(33): warning C4244: 'argument' : conversion from 'double' to 'float', possible loss of data
         cuda.cpp
     1>c:\program files\nvidia gpu computing toolkit\cuda\v5.0\include\thrust\system\detail\error_category.inl(102): warning C4996: 'strerror': This function or variable may be unsafe. Consider using strerror_s instead. To disable deprecation, use _CRT_SECURE_NO_WARNINGS. See online help for details.
                 c:\program files (x86)\microsoft visual studio 10.0\vc\include\string.h(157) : see declaration of 'strerror'
         BoxRenderer.cpp
     1>c:\program files\nvidia gpu computing toolkit\cuda\v5.0\include\thrust\system\detail\error_category.inl(102): warning C4996: 'strerror': This function or variable may be unsafe. Consider using strerror_s instead. To disable deprecation, use _CRT_SECURE_NO_WARNINGS. See online help for details.
                 c:\program files (x86)\microsoft visual studio 10.0\vc\include\string.h(157) : see declaration of 'strerror'
         Generating Code...
         Compiling...
         OpenGL.cpp
     1>c:\users\arno\documents\projects\sph2s_final\sph2s_final\opengl\opengl.cpp(101): warning C4244: 'argument' : conversion from 'double' to 'float', possible loss of data
     1>c:\users\arno\documents\projects\sph2s_final\sph2s_final\opengl\opengl.cpp(213): warning C4996: 'fopen': This function or variable may be unsafe. Consider using fopen_s instead. To disable deprecation, use _CRT_SECURE_NO_WARNINGS. See online help for details.
                 c:\program files (x86)\microsoft visual studio 10.0\vc\include\stdio.h(234) : see declaration of 'fopen'
         Generating Code...
       ManifestResourceCompile:
         All outputs are up-to-date.
       Link:
         C:\Program Files (x86)\Microsoft Visual Studio 10.0\VC\bin\link.exe /ERRORREPORT:PROMPT /OUT:"C:\Users\Arno\Documents\Projects\SPH2S_FINAL\Debug\SPH2S_FINAL.exe" /INCREMENTAL /NOLOGO /LIBPATH:"C:\Program Files\NVIDIA GPU Computing Toolkit\CUDA\v5.0\lib\Win32" glew32.lib cudart.lib kernel32.lib user32.lib gdi32.lib winspool.lib comdlg32.lib advapi32.lib shell32.lib ole32.lib oleaut32.lib uuid.lib odbc32.lib odbccp32.lib kernel32.lib user32.lib gdi32.lib winspool.lib comdlg32.lib advapi32.lib shell32.lib ole32.lib oleaut32.lib uuid.lib odbc32.lib odbccp32.lib /MANIFEST /ManifestFile:"Debug\SPH2S_FINAL.exe.intermediate.manifest" /MANIFESTUAC:"level='asInvoker' uiAccess='false'" /DEBUG /PDB:"C:\Users\Arno\Documents\Projects\SPH2S_FINAL\Debug\SPH2S_FINAL.pdb" /SUBSYSTEM:CONSOLE /TLBID:1 /DYNAMICBASE /NXCOMPAT /IMPLIB:"C:\Users\Arno\Documents\Projects\SPH2S_FINAL\Debug\SPH2S_FINAL.lib" /MACHINE:X86 Debug\Solver.cu.obj
         Debug\SPH2S_FINAL.exe.embed.manifest.res
         Debug\BoxRenderer.obj
         Debug\cuda.obj
         Debug\main.obj
         Debug\Camera.obj
         Debug\OpenGL.obj
         Debug\Vector3f.obj
         Debug\ParticleData.obj
         Debug\Renderer.obj
       Manifest:
         C:\Program Files (x86)\Microsoft SDKs\Windows\v7.0A\bin\mt.exe /nologo /verbose /out:"Debug\SPH2S_FINAL.exe.embed.manifest" /manifest Debug\SPH2S_FINAL.exe.intermediate.manifest
         All outputs are up-to-date.
       LinkEmbedManifest:
         All outputs are up-to-date.
         SPH2S_FINAL.vcxproj -> C:\Users\Arno\Documents\Projects\SPH2S_FINAL\Debug\SPH2S_FINAL.exe
       PostBuildEvent:
         echo copy "C:\Program Files\NVIDIA GPU Computing Toolkit\CUDA\v5.0\bin\cudart*.dll" "C:\Users\Arno\Documents\Projects\SPH2S_FINAL\Debug\"
         copy "C:\Program Files\NVIDIA GPU Computing Toolkit\CUDA\v5.0\bin\cudart*.dll" "C:\Users\Arno\Documents\Projects\SPH2S_FINAL\Debug\"
         :VCEnd
         copy "C:\Program Files\NVIDIA GPU Computing Toolkit\CUDA\v5.0\bin\cudart*.dll" "C:\Users\Arno\Documents\Projects\SPH2S_FINAL\Debug\"
         C:\Program Files\NVIDIA GPU Computing Toolkit\CUDA\v5.0\bin\cudart32_50_35.dll
         C:\Program Files\NVIDIA GPU Computing Toolkit\CUDA\v5.0\bin\cudart64_50_35.dll
                 2 file(s) copied.
       FinalizeBuildStatus:
         Deleting file "Debug\SPH2S_FINAL.unsuccessfulbuild".
         Touching "Debug\SPH2S_FINAL.lastbuildstate".
     1>Done Building Project "C:\Users\Arno\Documents\Projects\SPH2S_FINAL\SPH2S_FINAL\SPH2S_FINAL.vcxproj" (build target(s)).

Build succeeded.

Time Elapsed 00:00:44.31
